<?xml version="1.0" encoding="UTF-8"?>
<!-- Generated by org.testng.reporters.JUnitReportReporter -->
<testsuite skipped="0" hostname="LAPTOP-3UOT6CPJ" name="test.MavenTest" tests="1" failures="0" timestamp="17 Jul 2018 13:44:36 GMT" time="0.019" errors="0">
  <testcase name="testA" time="0.019" classname="test.MavenTest"/>
</testsuite> <!-- test.MavenTest -->
